<?xml version="1.0" encoding="UTF-8"?>
<testng-results ignored="0" total="2" passed="2" failed="0" skipped="0">
  <reporter-output>
  </reporter-output>
  <suite started-at="2022-11-19T00:43:32 IST" name="Default suite" finished-at="2022-11-19T00:43:49 IST" duration-ms="16103">
    <groups>
    </groups>
    <test started-at="2022-11-19T00:43:32 IST" name="Default test" finished-at="2022-11-19T00:43:49 IST" duration-ms="16103">
      <class name="test.testcase.com.TestCases">
        <test-method is-config="true" signature="setUp()[pri:0, instance:test.testcase.com.TestCases@3ce1e309]" started-at="2022-11-19T00:43:32 IST" name="setUp" finished-at="2022-11-19T00:43:48 IST" duration-ms="15710" status="PASS">
          <reporter-output>
          </reporter-output>
        </test-method> <!-- setUp -->
        <test-method signature="countryMatch()[pri:0, instance:test.testcase.com.TestCases@3ce1e309]" started-at="2022-11-19T00:43:48 IST" name="countryMatch" finished-at="2022-11-19T00:43:48 IST" duration-ms="10" status="PASS">
          <reporter-output>
          </reporter-output>
        </test-method> <!-- countryMatch -->
        <test-method signature="dateMatch()[pri:0, instance:test.testcase.com.TestCases@3ce1e309]" started-at="2022-11-19T00:43:48 IST" name="dateMatch" finished-at="2022-11-19T00:43:48 IST" duration-ms="3" status="PASS">
          <reporter-output>
          </reporter-output>
        </test-method> <!-- dateMatch -->
        <test-method is-config="true" signature="endUp()[pri:0, instance:test.testcase.com.TestCases@3ce1e309]" started-at="2022-11-19T00:43:48 IST" name="endUp" finished-at="2022-11-19T00:43:49 IST" duration-ms="302" status="PASS">
          <reporter-output>
          </reporter-output>
        </test-method> <!-- endUp -->
      </class> <!-- test.testcase.com.TestCases -->
    </test> <!-- Default test -->
  </suite> <!-- Default suite -->
</testng-results>
